<?xml version="1.0" encoding="UTF-8"?>
<!-- Generated by org.testng.reporters.JUnitXMLReporter -->
<testsuite ignored="0" hostname="Danish" failures="0" tests="5" name="Test1" time="32.139" errors="0" timestamp="2025-02-12T15:14:07 IST">
  <testcase classname="testCases.TC007_ContactUsCheck" name="tc007_ContactUscheck" time="5.097"/>
  <testcase classname="testCases.TC007_ContactUsCheck" name="tc007_ContactUscheck" time="4.99"/>
  <testcase classname="testCases.TC007_ContactUsCheck" name="tc007_ContactUscheck" time="4.833"/>
  <testcase classname="testCases.TC007_ContactUsCheck" name="tc007_ContactUscheck" time="5.093"/>
  <testcase classname="testCases.TC007_ContactUsCheck" name="tc007_ContactUscheck" time="4.851"/>
</testsuite> <!-- Test1 -->
