<?xml version="1.0" encoding="UTF-8"?>
<testng-results ignored="0" total="1" passed="1" failed="0" skipped="0">
  <reporter-output>
  </reporter-output>
  <suite started-at="2025-05-21T15:57:51 IST" name="Suite" finished-at="2025-05-21T15:58:17 IST" duration-ms="25403">
    <groups>
      <group name="sanity">
        <method signature="TC008_VerifyLogin_with_BrowserBack_Forward_Functionality.test_VerifyLoginWhenPressing_Browser_BackandForward()[pri:0, instance:testCases.TC008_VerifyLogin_with_BrowserBack_Forward_Functionality@1ffaf86]" name="test_VerifyLoginWhenPressing_Browser_BackandForward" class="testCases.TC008_VerifyLogin_with_BrowserBack_Forward_Functionality"/>
      </group> <!-- sanity -->
    </groups>
    <test started-at="2025-05-21T15:57:51 IST" name="BrowserBackandForwardCheckWithLogin" finished-at="2025-05-21T15:58:17 IST" duration-ms="25403">
      <class name="testCases.TC008_VerifyLogin_with_BrowserBack_Forward_Functionality">
        <test-method is-config="true" signature="setup(java.lang.String,java.lang.String,java.lang.String)[pri:0, instance:testCases.TC008_VerifyLogin_with_BrowserBack_Forward_Functionality@1ffaf86]" started-at="2025-05-21T15:57:51 IST" name="setup" finished-at="2025-05-21T15:58:04 IST" duration-ms="12650" status="PASS">
          <params>
            <param index="0">
              <value>
                <![CDATA[windows]]>
              </value>
            </param>
            <param index="1">
              <value>
                <![CDATA[chrome]]>
              </value>
            </param>
            <param index="2">
              <value>
                <![CDATA[local]]>
              </value>
            </param>
          </params>
          <reporter-output>
          </reporter-output>
        </test-method> <!-- setup -->
        <test-method signature="test_VerifyLoginWhenPressing_Browser_BackandForward()[pri:0, instance:testCases.TC008_VerifyLogin_with_BrowserBack_Forward_Functionality@1ffaf86]" started-at="2025-05-21T15:58:04 IST" name="test_VerifyLoginWhenPressing_Browser_BackandForward" finished-at="2025-05-21T15:58:16 IST" duration-ms="12391" status="PASS">
          <reporter-output>
          </reporter-output>
        </test-method> <!-- test_VerifyLoginWhenPressing_Browser_BackandForward -->
        <test-method is-config="true" signature="teardown()[pri:0, instance:testCases.TC008_VerifyLogin_with_BrowserBack_Forward_Functionality@1ffaf86]" started-at="2025-05-21T15:58:16 IST" name="teardown" finished-at="2025-05-21T15:58:17 IST" duration-ms="315" status="PASS">
          <reporter-output>
          </reporter-output>
        </test-method> <!-- teardown -->
      </class> <!-- testCases.TC008_VerifyLogin_with_BrowserBack_Forward_Functionality -->
    </test> <!-- BrowserBackandForwardCheckWithLogin -->
  </suite> <!-- Suite -->
</testng-results>
