<?xml version="1.0" encoding="UTF-8"?>
<testng-results ignored="0" total="1" passed="1" failed="0" skipped="0">
  <reporter-output>
  </reporter-output>
  <suite started-at="2025-05-21T14:18:44 IST" name="CucumberSuite" finished-at="2025-05-21T14:18:58 IST" duration-ms="13963">
    <groups>
      <group name="cucumber">
        <method signature="AbstractTestNGCucumberTests.runScenario(io.cucumber.testng.PickleWrapper,io.cucumber.testng.FeatureWrapper)[pri:0, instance:TestRunner.TestRunner_contactus@7674f035]" name="runScenario" class="io.cucumber.testng.AbstractTestNGCucumberTests"/>
      </group> <!-- cucumber -->
    </groups>
    <test started-at="2025-05-21T14:18:44 IST" name="CucumberTests" finished-at="2025-05-21T14:18:58 IST" duration-ms="13963">
      <class name="TestRunner.TestRunner_contactus">
        <test-method is-config="true" signature="setUpClass(org.testng.ITestContext)[pri:0, instance:TestRunner.TestRunner_contactus@7674f035]" started-at="2025-05-21T14:18:44 IST" name="setUpClass" finished-at="2025-05-21T14:18:44 IST" duration-ms="833" status="PASS">
          <params>
            <param index="0">
              <value>
                <![CDATA[org.testng.TestRunner@42b6d0cc]]>
              </value>
            </param>
          </params>
          <reporter-output>
          </reporter-output>
        </test-method> <!-- setUpClass -->
        <test-method signature="runScenario(io.cucumber.testng.PickleWrapper,io.cucumber.testng.FeatureWrapper)[pri:0, instance:TestRunner.TestRunner_contactus@7674f035]" started-at="2025-05-21T14:18:44 IST" name="runScenario" description="Runs Cucumber Scenarios" data-provider="scenarios" finished-at="2025-05-21T14:18:58 IST" duration-ms="13060" status="PASS">
          <params>
            <param index="0">
              <value>
                <![CDATA["Checking contact us functionality"]]>
              </value>
            </param>
            <param index="1">
              <value>
                <![CDATA["Check ContactUs Functionality"]]>
              </value>
            </param>
          </params>
          <reporter-output>
          </reporter-output>
        </test-method> <!-- runScenario -->
        <test-method is-config="true" signature="tearDownClass()[pri:0, instance:TestRunner.TestRunner_contactus@7674f035]" started-at="2025-05-21T14:18:58 IST" name="tearDownClass" finished-at="2025-05-21T14:18:58 IST" duration-ms="21" status="PASS">
          <reporter-output>
          </reporter-output>
        </test-method> <!-- tearDownClass -->
      </class> <!-- TestRunner.TestRunner_contactus -->
    </test> <!-- CucumberTests -->
  </suite> <!-- CucumberSuite -->
</testng-results>
